2022-06-20 10:39:02,118 :INFO : test_bar :for entering the data in search bar
2022-06-20 10:39:02,197 :INFO : test_bar :for search bar
2022-06-20 10:39:03,715 :INFO : test_bar :takes jeans as input
2022-06-20 10:39:03,777 :INFO : test_bar :handles tab
2022-06-20 10:39:05,643 :INFO : test_bar :<<<<<<<NEW TEST CASE IS STARTING>>>>>>>
2022-06-21 07:54:14,666 :INFO : test_NewAddress :Going to Click on Profile
2022-06-21 07:54:19,246 :INFO : test_NewAddress :Manage Address Opened
2022-06-21 07:54:22,514 :INFO : test_NewAddress :Name entered as TESTING SPRINT
2022-06-21 07:54:22,637 :INFO : test_NewAddress :Phone No. entered 9283839290
2022-06-21 07:54:22,769 :INFO : test_NewAddress :Pincode entered as 273003
2022-06-21 07:54:22,910 :INFO : test_NewAddress :Address2 entered
2022-06-21 07:54:23,107 :INFO : test_NewAddress :Address1 entered
2022-06-21 07:54:23,229 :INFO : test_NewAddress :Landmark entered as DPS School
2022-06-21 07:54:23,307 :INFO : test_NewAddress :State selected asUttar Pradesh
2022-06-21 07:54:23,373 :INFO : test_NewAddress :Radio button is selected
2022-06-21 07:54:23,456 :INFO : test_NewAddress :Save button click
2022-06-21 07:54:23,456 :INFO : test_NewAddress :<<<<<<<NEW TEST CASE IS STARTING>>>>>>>
2022-06-21 07:54:43,769 :INFO : test_homeClock :'Home & Furniture options is Invoked for clock
2022-06-21 07:54:44,665 :INFO : test_homeClock :Hover on option Home & Furniture
2022-06-21 07:54:50,491 :INFO : test_homeClock :Flipkart SmartBuy Analog is selected
2022-06-21 07:54:50,614 :INFO : test_homeClock :Successfully switched to the child-tab
2022-06-21 07:54:54,843 :INFO : test_homeClock :Flipkart SmartBuy Analog 30 cm X 30 cm Wall Clock  (Beige, With Glass, Standard) is displaying in detail and verified
2022-06-21 07:54:54,844 :INFO : test_homeClock :<<<<<<<NEW TEST CASE IS STARTING>>>>>>>
2022-06-21 07:55:16,625 :INFO : test_homeFurniture :'Home & Furniture options is Invoked for Bean Bag
2022-06-21 07:55:17,280 :INFO : test_homeFurniture :Hover on option Home & Furniture
2022-06-21 07:55:23,014 :INFO : test_homeFurniture :Lexicon XXXL Tear is selected
2022-06-21 07:55:23,145 :INFO : test_homeFurniture :Successfully switched to the child-tab
2022-06-21 07:55:28,069 :INFO : test_homeFurniture :Lexicon XXXL Tear Drop Bean Bag Cover (Without Beans)  (Brown, Tan) is displayed in detail and verified
2022-06-21 07:55:28,069 :INFO : test_homeFurniture :<<<<<<<NEW TEST CASE IS STARTING>>>>>>>
2022-06-21 07:55:48,255 :INFO : test_kidsCloth :'Kids options is Invoked for Kids Cloth
2022-06-21 07:55:48,873 :INFO : test_kidsCloth :Hover on option Baby & Kids
2022-06-21 07:55:50,959 :INFO : test_kidsCloth :Girls Maxi/Full Length Party Dress is selected
2022-06-21 07:55:51,056 :INFO : test_kidsCloth :Successfully switched to the child-tab
2022-06-21 07:55:52,666 :INFO : test_kidsCloth :Girls Maxi/Full Length Party Dress  (Pink, 3/4 Sleeve) is displaying in detail and verified
2022-06-21 07:55:52,667 :INFO : test_kidsCloth :<<<<<<<NEW TEST CASE IS STARTING>>>>>>>
2022-06-21 07:56:25,543 :INFO : test_kidToy :'Kids options is Invoked for Kids Toys
2022-06-21 07:56:26,335 :INFO : test_kidToy :Hover on option Baby & Kids
2022-06-21 07:56:27,295 :INFO : test_kidToy :Dallao Waterproof Remote is selected
2022-06-21 07:56:27,392 :INFO : test_kidToy :Successfully switched to the child-tab
2022-06-21 07:56:29,724 :INFO : test_kidToy :Dallao Waterproof Remote Controlled Rock Crawler RC Monster Car With Wheel Remote , 4 Wheels , 1 Stepnee, , 1:20 scale  (Blue) is displaying in detail and verified
2022-06-21 07:56:29,724 :INFO : test_kidToy :<<<<<<<NEW TEST CASE IS STARTING>>>>>>>
2022-06-21 07:57:02,917 :INFO : test_NewAddress :Child window switched
2022-06-21 07:57:02,917 :INFO : test_NewAddress :Child window switched
2022-06-21 07:57:03,001 :INFO : test_NewAddress :Logged out successfully
2022-06-21 07:57:03,001 :INFO : test_NewAddress :Logged out successfully
2022-06-21 07:57:05,036 :INFO : test_NewAddress :username Entered
2022-06-21 07:57:05,036 :INFO : test_NewAddress :username Entered
2022-06-21 07:57:05,110 :INFO : test_NewAddress :Password Entered
2022-06-21 07:57:05,110 :INFO : test_NewAddress :Password Entered
2022-06-21 07:57:05,180 :INFO : test_NewAddress :Submitted
2022-06-21 07:57:05,180 :INFO : test_NewAddress :Submitted
2022-06-21 07:57:05,924 :INFO : test_NewAddress :Your username or password is incorrect shown Successfully
2022-06-21 07:57:05,924 :INFO : test_NewAddress :Your username or password is incorrect shown Successfully
2022-06-21 07:57:54,738 :INFO : test_MenAccer :'Moving to options to get MEN option
2022-06-21 07:57:55,541 :INFO : test_MenAccer :Hover on option Men option
2022-06-21 07:57:56,411 :INFO : test_MenAccer :Men Casual Brown is selected
2022-06-21 07:57:56,494 :INFO : test_MenAccer :Successfully switched to the child-tab
2022-06-21 07:58:00,541 :INFO : test_MenAccer :Men Casual Brown Artificial Leather, Artificial Leather Wallet  (8 Card Slots) is displaying in detail and verified
2022-06-21 07:58:00,541 :INFO : test_MenAccer :<<<<<<<NEW TEST CASE IS STARTING>>>>>>>
2022-06-21 07:58:48,040 :INFO : test_MenFootware :'Moving to options to get MEN option
2022-06-21 07:58:55,134 :INFO : test_MenFootware :Hover on option Men option
2022-06-21 07:58:57,360 :INFO : test_MenFootware :Lace Up For is selected
2022-06-21 07:58:57,436 :INFO : test_MenFootware :Successfully switched to the child-tab
2022-06-21 07:59:03,694 :INFO : test_MenFootware :Lace Up For Men  (Tan) is displaying in detail and verified
2022-06-21 07:59:03,694 :INFO : test_MenFootware :<<<<<<<NEW TEST CASE IS STARTING>>>>>>>
2022-06-21 07:59:45,229 :INFO : test_TestMenGrming :'Moving to options to get MEN option
2022-06-21 07:59:46,002 :INFO : test_TestMenGrming :Hover on option Men option
2022-06-21 07:59:46,924 :INFO : test_TestMenGrming :NAUTICA Blue Eau is selected
2022-06-21 07:59:47,046 :INFO : test_TestMenGrming :Successfully switched to the child-tab
2022-06-21 07:59:49,213 :INFO : test_TestMenGrming :NAUTICA Blue Eau de Toilette - 100 ml  (For Men) is displaying in detail and verified
2022-06-21 07:59:49,213 :INFO : test_TestMenGrming :<<<<<<<NEW TEST CASE IS STARTING>>>>>>>
2022-06-21 08:00:21,682 :INFO : test_OrderProduct :Searching iphone 13 pro max in search bar
2022-06-21 08:00:23,875 :INFO : test_OrderProduct :Iphone is selected
2022-06-21 08:00:23,883 :INFO : test_OrderProduct :Successfully switched to the child-tab
2022-06-21 08:00:27,365 :INFO : test_OrderProduct :Click On Buy now
2022-06-21 08:01:00,869 :INFO : test_schoolsply :'Moving to options to get Baby & Kids option
2022-06-21 08:01:01,495 :INFO : test_schoolsply :Hover on option Baby & Kids option
2022-06-21 08:01:05,614 :INFO : test_schoolsply :Martucci School Bags is selected
2022-06-21 08:01:05,697 :INFO : test_schoolsply :Successfully switched to the child-tab
2022-06-21 08:01:08,400 :INFO : test_schoolsply :Martucci School Bags for Boys and Girls II Genuine Backpack II Coaching Bag II Multiuse Bag II School Backpack II Smart Tuition Bag (Secondary 6th Std Plus) Waterproof School Bag  (Black, 35 L) is displaying in detail and verified
2022-06-21 08:01:08,401 :INFO : test_schoolsply :<<<<<<<NEW TEST CASE IS STARTING>>>>>>>
2022-06-21 08:01:44,570 :INFO : test_Tv :'Moving to option to get TVs & Appliances option
2022-06-21 08:01:48,874 :INFO : test_Tv :Hover on option TVs & Appliances
2022-06-21 08:01:51,753 :INFO : test_Tv : is selected
2022-06-21 08:01:51,812 :INFO : test_Tv :Successfully switched to the child-tab
2022-06-21 08:01:56,082 :INFO : test_Tv :Sansui Neo 80 cm (32 inch) HD Ready LED Smart TV with Bezel-less Design and Dolby Audio (Midnight Black) (2022 Model)  (JSW32CSHD) is displayed in detail and verified
2022-06-21 08:01:56,082 :INFO : test_Tv :<<<<<<<NEW TEST CASE IS STARTING>>>>>>>
2022-06-21 08:02:33,272 :INFO : test_AutomaticMachine :'Moving to option to get TVs & Appliances option
2022-06-21 08:02:35,712 :INFO : test_AutomaticMachine :Hover on option TVs & Appliances
2022-06-21 08:02:40,833 :INFO : test_AutomaticMachine :LG 6.5 kg is selected
2022-06-21 08:02:40,908 :INFO : test_AutomaticMachine :Successfully switched to the child-tab
2022-06-21 08:02:45,091 :INFO : test_AutomaticMachine :LG 6.5 kg with Steam and Smart Diagnosis Fully Automatic Front Load with In-built Heater White  (FHM1065SDW) is displayed in detail and verified
2022-06-21 08:02:45,091 :INFO : test_AutomaticMachine :<<<<<<<NEW TEST CASE IS STARTING>>>>>>>
2022-06-21 08:03:14,092 :INFO : test_quantity :for entering the data in search bar
2022-06-21 08:03:14,149 :INFO : test_quantity :for search bar
2022-06-21 08:03:15,174 :INFO : test_quantity :takes aeroplane as input
2022-06-21 08:03:15,186 :INFO : test_quantity :Window Switched
2022-06-21 08:03:16,972 :INFO : test_quantity :add to cart
2022-06-21 08:03:26,112 :INFO : test_quantity :increases quantity
2022-06-21 08:03:31,114 :INFO : test_quantity :<<<<<<<NEW TEST CASE IS STARTING>>>>>>>
2022-06-21 08:04:08,451 :INFO : test_homeWallLamppp :'Home & Furniture options is Invoked for Wall Lamp
2022-06-21 08:04:09,951 :INFO : test_homeWallLamppp :Hover on option Home & Furniture
2022-06-21 08:04:14,802 :INFO : test_homeWallLamppp :Blissbells Wallchiere Wall Lamp With Bulb is selected
2022-06-21 08:04:14,931 :INFO : test_homeWallLamppp :Successfully switched to the child-tab
2022-06-21 08:04:16,277 :INFO : test_homeWallLamppp :Blissbells Wallchiere Wall Lamp With Bulb is displayed in detail and verified
2022-06-21 08:04:16,277 :INFO : test_homeWallLamppp :<<<<<<<NEW TEST CASE IS STARTING>>>>>>>
2022-06-21 08:04:43,582 :INFO : test_mobile :click on mobiles
2022-06-21 08:04:44,583 :INFO : test_mobile :click on Infinix hot 12 play
2022-06-21 08:04:45,309 :INFO : test_mobile :click on Infinix hot 12 play 64gb
2022-06-21 08:04:45,319 :INFO : test_mobile :Handles tab
2022-06-21 08:04:46,952 :INFO : test_mobile :add to cart
2022-06-21 08:04:51,954 :INFO : test_mobile :<<<<<<<NEW TEST CASE IS STARTING>>>>>>>
2022-06-21 08:05:24,693 :INFO : test_way :click on travel
2022-06-21 08:05:29,768 :INFO : test_way :select one way
2022-06-21 08:05:34,847 :INFO : test_way :clicks on search
2022-06-21 08:05:35,702 :INFO : test_way :click on details
2022-06-21 08:05:40,778 :INFO : test_way :clicks on book
2022-06-21 08:05:45,204 :INFO : test_way :clicks on continue
2022-06-21 08:05:45,205 :INFO : test_way :<<<<<<<NEW TEST CASE IS STARTING>>>>>>>
2022-06-21 08:06:18,005 :INFO : test_place :for entering the data in search bar
2022-06-21 08:06:18,085 :INFO : test_place :for search bar
2022-06-21 08:06:19,234 :INFO : test_place :clicks on bottle
2022-06-21 08:06:19,245 :INFO : test_place :handles tab
2022-06-21 08:06:21,296 :INFO : test_place :add to cart 
2022-06-21 08:06:24,968 :INFO : test_place :place the order
2022-06-21 08:06:24,968 :INFO : test_place :<<<<<<<NEW TEST CASE IS STARTING>>>>>>>
2022-06-21 08:06:57,459 :INFO : test_remove :click on cart
2022-06-21 08:07:02,519 :INFO : test_remove :clicks on remove
2022-06-21 08:07:07,569 :INFO : test_remove :removes item from cart
2022-06-21 08:07:07,569 :INFO : test_remove :<<<<<<<NEW TEST CASE IS STARTING>>>>>>>
2022-06-21 08:07:40,391 :INFO : test_search :click on travel
2022-06-21 08:07:45,447 :INFO : test_search :for round trip button
2022-06-21 08:07:50,526 :INFO : test_search :clicks on search
2022-06-21 08:08:01,830 :INFO : test_search :changes the flight
2022-06-21 08:08:01,830 :INFO : test_search :<<<<<<<NEW TEST CASE IS STARTING>>>>>>>
2022-06-21 08:08:34,175 :INFO : test_rou :clicks electronics
2022-06-21 08:08:34,807 :INFO : test_rou :mouse hover in electronics
2022-06-21 08:08:38,151 :INFO : test_rou :click on router
2022-06-21 08:08:43,250 :INFO : test_rou :click on product
2022-06-21 08:08:43,256 :INFO : test_rou :tab handle
2022-06-21 08:08:45,688 :INFO : test_rou :buy now
2022-06-21 08:08:47,699 :INFO : test_rou :<<<<<<<NEW TEST CASE IS STARTING>>>>>>>
2022-06-21 08:09:28,584 :INFO : test_bar :for entering the data in search bar
2022-06-21 08:09:28,670 :INFO : test_bar :for search bar
2022-06-21 08:09:31,285 :INFO : test_bar :takes jeans as input
2022-06-21 08:09:31,325 :INFO : test_bar :handles tab
2022-06-21 08:09:33,878 :INFO : test_bar :<<<<<<<NEW TEST CASE IS STARTING>>>>>>>
2022-06-21 08:10:04,914 :INFO : test_skinCare :Women options is Invoked for Skin Care
2022-06-21 08:10:06,263 :INFO : test_skinCare :Hover on option Women
2022-06-21 08:10:12,556 :INFO : test_skinCare :Everyuth Naturals Exfoliating is selected
2022-06-21 08:10:12,644 :INFO : test_skinCare :Successfully switched to the child-tab
2022-06-21 08:10:40,280 :INFO : test_you :click on electronics icon
2022-06-21 08:10:45,597 :INFO : test_you :mouse hover in electronics
2022-06-21 08:10:45,905 :INFO : test_you :clicks on smart watch
2022-06-21 08:10:50,998 :INFO : test_you :clicks on apple watch
2022-06-21 08:10:51,008 :INFO : test_you :handles tab
2022-06-21 08:10:54,204 :INFO : test_you :click on buy now
2022-06-21 08:10:57,216 :INFO : test_you :<<<<<<<NEW TEST CASE IS STARTING>>>>>>>
2022-06-21 08:11:29,798 :INFO : test_bar :click
2022-06-21 08:11:29,798 :INFO : test_bar :click
2022-06-21 08:11:31,297 :INFO : test_bar :handles tab
2022-06-21 08:11:31,297 :INFO : test_bar :handles tab
2022-06-21 08:11:33,328 :INFO : test_bar :add wish list
2022-06-21 08:11:33,328 :INFO : test_bar :add wish list
2022-06-21 08:11:38,362 :INFO : test_bar :add remove wish list
2022-06-21 08:11:38,362 :INFO : test_bar :add remove wish list
2022-06-21 08:11:38,363 :INFO : test_bar :<<<<<<<NEW TEST CASE IS STARTING>>>>>>>
2022-06-21 08:11:38,363 :INFO : test_bar :<<<<<<<NEW TEST CASE IS STARTING>>>>>>>
2022-06-21 08:12:16,153 :INFO : test_womenBag :Women options is Invoked for Handbag
2022-06-21 08:12:17,796 :INFO : test_womenBag :Hover on option Women
2022-06-21 08:12:23,509 :INFO : test_womenBag :Women Pink Hand-held is selected
2022-06-21 08:12:23,609 :INFO : test_womenBag :Successfully switched to the child-tab
2022-06-21 08:12:25,992 :INFO : test_womenBag :Women Pink Hand-held Bag is displayed in detail and verified
2022-06-21 08:12:25,992 :INFO : test_womenBag :<<<<<<<NEW TEST CASE IS STARTING>>>>>>>
2022-06-21 08:13:02,929 :INFO : test_topWear :Women options is Invoked for Topwear
2022-06-21 08:13:04,900 :INFO : test_topWear :Hover on option Women
2022-06-21 08:13:13,392 :INFO : test_topWear :Casual Sleeveless Solid is selected
2022-06-21 08:13:13,471 :INFO : test_topWear :Successfully switched to the child-tab
2022-06-21 08:13:15,594 :INFO : test_topWear :Casual Sleeveless Solid Women Black Top is displayed in detail and verified
2022-06-21 08:13:15,594 :INFO : test_topWear :<<<<<<<NEW TEST CASE IS STARTING>>>>>>>
2022-06-21 08:21:03,902 :INFO : test_skinCare :Women options is Invoked for Skin Care
2022-06-21 08:21:04,832 :INFO : test_skinCare :Hover on option Women
2022-06-21 08:21:10,510 :INFO : test_skinCare :Everyuth Naturals Exfoliating is selected
2022-06-21 08:21:10,584 :INFO : test_skinCare :Successfully switched to the child-tab
2022-06-21 08:23:12,873 :INFO : test_skinCare :Women options is Invoked for Skin Care
2022-06-21 08:23:13,869 :INFO : test_skinCare :Hover on option Women
2022-06-21 08:23:19,920 :INFO : test_skinCare :Everyuth Naturals Exfoliating is selected
2022-06-21 08:23:20,047 :INFO : test_skinCare :Successfully switched to the child-tab
2022-06-21 08:24:54,994 :INFO : test_skinCare :Women options is Invoked for Skin Care
2022-06-21 08:24:55,891 :INFO : test_skinCare :Hover on option Women
2022-06-21 08:25:01,698 :INFO : test_skinCare :Everyuth Naturals Exfoliating is selected
2022-06-21 08:25:01,770 :INFO : test_skinCare :Successfully switched to the child-tab
2022-06-21 08:25:04,452 :INFO : test_skinCare :Everyuth Naturals Exfoliating Walnut Scrub  (200 g) is displayed in detail and verified
2022-06-21 08:25:04,452 :INFO : test_skinCare :<<<<<<<NEW TEST CASE IS STARTING>>>>>>>
2022-06-23 09:59:50,201 :INFO : test_NewAddress :Going to Click on Profile
2022-06-23 09:59:54,813 :INFO : test_NewAddress :Manage Address Opened
2022-06-23 09:59:58,056 :INFO : test_NewAddress :Name entered as TESTING SPRINT
2022-06-23 09:59:58,189 :INFO : test_NewAddress :Phone No. entered 9283839290
2022-06-23 09:59:58,309 :INFO : test_NewAddress :Pincode entered as 273003
2022-06-23 09:59:58,441 :INFO : test_NewAddress :Address2 entered
2022-06-23 09:59:58,609 :INFO : test_NewAddress :Address1 entered
2022-06-23 09:59:58,703 :INFO : test_NewAddress :Landmark entered as DPS School
2022-06-23 09:59:58,777 :INFO : test_NewAddress :State selected asUttar Pradesh
2022-06-23 09:59:58,850 :INFO : test_NewAddress :Radio button is selected
2022-06-23 09:59:58,938 :INFO : test_NewAddress :Save button click
2022-06-23 09:59:58,938 :INFO : test_NewAddress :<<<<<<<NEW TEST CASE IS STARTING>>>>>>>
2022-06-23 10:00:46,656 :INFO : test_homeClock :'Home & Furniture options is Invoked for clock
2022-06-23 10:00:47,548 :INFO : test_homeClock :Hover on option Home & Furniture
2022-06-23 10:00:52,979 :INFO : test_homeClock :AJANTA Analog 35 is selected
2022-06-23 10:00:53,127 :INFO : test_homeClock :Successfully switched to the child-tab
2022-06-23 10:00:54,659 :INFO : test_homeClock :AJANTA Analog 35 cm X 33 cm Wall Clock  (Multicolor, With Glass, Standard) is displaying in detail and verified
2022-06-23 10:00:54,659 :INFO : test_homeClock :<<<<<<<NEW TEST CASE IS STARTING>>>>>>>
2022-06-23 10:01:40,929 :INFO : test_homeFurniture :'Home & Furniture options is Invoked for Bean Bag
2022-06-23 10:01:46,413 :INFO : test_homeFurniture :Hover on option Home & Furniture
2022-06-23 10:02:33,420 :INFO : test_kidsCloth :'Kids options is Invoked for Kids Cloth
2022-06-23 10:02:39,462 :INFO : test_kidsCloth :Hover on option Baby & Kids
2022-06-23 10:03:04,388 :INFO : test_kidToy :'Kids options is Invoked for Kids Toys
2022-06-23 10:03:05,080 :INFO : test_kidToy :Hover on option Baby & Kids
2022-06-23 10:03:05,924 :INFO : test_kidToy :Miss & Chief is selected
2022-06-23 10:03:06,058 :INFO : test_kidToy :Successfully switched to the child-tab
2022-06-23 10:03:07,457 :INFO : test_kidToy :Miss & Chief 2.6 Ghz 6 Channel Remote Control Quadcopter without Camera for Kids, 14+ Age  (White) is displaying in detail and verified
2022-06-23 10:03:07,457 :INFO : test_kidToy :<<<<<<<NEW TEST CASE IS STARTING>>>>>>>
2022-06-23 10:03:19,854 :INFO : test_NewAddress :Child window switched
2022-06-23 10:03:19,854 :INFO : test_NewAddress :Child window switched
2022-06-23 10:03:19,967 :INFO : test_NewAddress :Logged out successfully
2022-06-23 10:03:19,967 :INFO : test_NewAddress :Logged out successfully
2022-06-23 10:03:21,722 :INFO : test_NewAddress :username Entered
2022-06-23 10:03:21,722 :INFO : test_NewAddress :username Entered
2022-06-23 10:03:21,822 :INFO : test_NewAddress :Password Entered
2022-06-23 10:03:21,822 :INFO : test_NewAddress :Password Entered
2022-06-23 10:03:21,918 :INFO : test_NewAddress :Submitted
2022-06-23 10:03:21,918 :INFO : test_NewAddress :Submitted
2022-06-23 10:03:22,318 :INFO : test_NewAddress :Your username or password is incorrect shown Successfully
2022-06-23 10:03:22,318 :INFO : test_NewAddress :Your username or password is incorrect shown Successfully
2022-06-23 10:03:36,826 :INFO : test_MenAccer :'Moving to options to get MEN option
2022-06-23 10:03:37,533 :INFO : test_MenAccer :Hover on option Men option
2022-06-23 10:03:38,447 :INFO : test_MenAccer :Men Casual Brown is selected
2022-06-23 10:03:38,631 :INFO : test_MenAccer :Successfully switched to the child-tab
2022-06-23 10:03:40,111 :INFO : test_MenAccer :Men Casual Brown Artificial Leather, Artificial Leather Wallet  (8 Card Slots) is displaying in detail and verified
2022-06-23 10:03:40,112 :INFO : test_MenAccer :<<<<<<<NEW TEST CASE IS STARTING>>>>>>>
2022-06-23 10:04:09,098 :INFO : test_MenFootware :'Moving to options to get MEN option
2022-06-23 10:04:09,863 :INFO : test_MenFootware :Hover on option Men option
2022-06-23 10:04:10,852 :INFO : test_MenFootware :Brown Synthetic Leather is selected
2022-06-23 10:04:11,015 :INFO : test_MenFootware :Successfully switched to the child-tab
2022-06-23 10:04:12,713 :INFO : test_MenFootware :Brown Synthetic Leather Lace up Lightweight Derby Formal Shoes For Men  (Brown) is displaying in detail and verified
2022-06-23 10:04:12,714 :INFO : test_MenFootware :<<<<<<<NEW TEST CASE IS STARTING>>>>>>>
2022-06-23 10:04:24,398 :INFO : test_TestMenGrming :'Moving to options to get MEN option
2022-06-23 10:04:25,194 :INFO : test_TestMenGrming :Hover on option Men option
2022-06-23 10:04:26,343 :INFO : test_TestMenGrming :Bella vita organic is selected
2022-06-23 10:04:26,474 :INFO : test_TestMenGrming :Successfully switched to the child-tab
2022-06-23 10:04:27,914 :INFO : test_TestMenGrming :Bella vita organic SKAI AQUATIC Unisex Cologne Perfume For Men & Women Eau de Cologne - 20 ml  (For Men & Women) is displaying in detail and verified
2022-06-23 10:04:27,914 :INFO : test_TestMenGrming :<<<<<<<NEW TEST CASE IS STARTING>>>>>>>
2022-06-23 10:05:05,521 :INFO : test_OrderProduct :Searching iphone 13 pro max in search bar
2022-06-23 10:05:08,731 :INFO : test_OrderProduct :Iphone is selected
2022-06-23 10:05:08,739 :INFO : test_OrderProduct :Successfully switched to the child-tab
2022-06-23 10:05:11,187 :INFO : test_OrderProduct :Click On Buy now
2022-06-23 10:05:12,999 :INFO : test_OrderProduct :Continue for Address
2022-06-23 10:05:13,065 :INFO : test_OrderProduct :Procced to payment
2022-06-23 10:05:13,065 :INFO : test_OrderProduct :Now Product can be ordered successfully
2022-06-23 10:05:13,066 :INFO : test_OrderProduct :<<<<<<<NEW TEST CASE IS STARTING>>>>>>>
2022-06-23 10:06:04,744 :INFO : test_schoolsply :'Moving to options to get Baby & Kids option
2022-06-23 10:06:05,728 :INFO : test_schoolsply :Hover on option Baby & Kids option
2022-06-23 10:06:09,894 :INFO : test_schoolsply :Martucci School Bags is selected
2022-06-23 10:06:10,025 :INFO : test_schoolsply :Successfully switched to the child-tab
2022-06-23 10:06:12,444 :INFO : test_schoolsply :Martucci School Bags for Boys and Girls II Genuine Backpack II Coaching Bag II Multiuse Bag II School Backpack II Smart Tuition Bag (Secondary 6th Std Plus) Waterproof School Bag  (Black, 35 L) is displaying in detail and verified
2022-06-23 10:06:12,444 :INFO : test_schoolsply :<<<<<<<NEW TEST CASE IS STARTING>>>>>>>
2022-06-23 10:06:32,375 :INFO : test_Tv :'Moving to option to get TVs & Appliances option
2022-06-23 10:06:33,106 :INFO : test_Tv :Hover on option TVs & Appliances
2022-06-23 10:06:34,052 :INFO : test_Tv : is selected
2022-06-23 10:06:34,176 :INFO : test_Tv :Successfully switched to the child-tab
2022-06-23 10:06:37,692 :INFO : test_Tv :OnePlus Y1 80 cm (32 inch) HD Ready LED Smart Android TV  (32HA0A00) is displayed in detail and verified
2022-06-23 10:06:37,693 :INFO : test_Tv :<<<<<<<NEW TEST CASE IS STARTING>>>>>>>
2022-06-23 10:06:54,597 :INFO : test_AutomaticMachine :'Moving to option to get TVs & Appliances option
2022-06-23 10:06:55,260 :INFO : test_AutomaticMachine :Hover on option TVs & Appliances
2022-06-23 10:07:00,563 :INFO : test_AutomaticMachine :LG 6.5 kg is selected
2022-06-23 10:07:00,697 :INFO : test_AutomaticMachine :Successfully switched to the child-tab
2022-06-23 10:07:03,509 :INFO : test_AutomaticMachine :LG 6.5 kg with Steam and Smart Diagnosis Fully Automatic Front Load with In-built Heater White  (FHM1065SDW) is displayed in detail and verified
2022-06-23 10:07:03,509 :INFO : test_AutomaticMachine :<<<<<<<NEW TEST CASE IS STARTING>>>>>>>
2022-06-23 10:07:46,234 :INFO : test_quantity :for entering the data in search bar
2022-06-23 10:07:46,328 :INFO : test_quantity :for search bar
2022-06-23 10:08:20,673 :INFO : test_homeWallLamppp :'Home & Furniture options is Invoked for Wall Lamp
2022-06-23 10:08:21,321 :INFO : test_homeWallLamppp :Hover on option Home & Furniture
2022-06-23 10:08:26,303 :INFO : test_homeWallLamppp :Dreamy Design Pendant Wall Lamp With Bulb is selected
2022-06-23 10:08:26,453 :INFO : test_homeWallLamppp :Successfully switched to the child-tab
2022-06-23 10:08:27,757 :INFO : test_homeWallLamppp :Dreamy Design Pendant Wall Lamp With Bulb is displayed in detail and verified
2022-06-23 10:08:27,758 :INFO : test_homeWallLamppp :<<<<<<<NEW TEST CASE IS STARTING>>>>>>>
2022-06-23 10:08:40,010 :INFO : test_mobile :click on mobiles
2022-06-23 10:09:16,177 :INFO : test_way :click on travel
2022-06-23 10:09:21,269 :INFO : test_way :select one way
2022-06-23 10:09:26,376 :INFO : test_way :clicks on search
2022-06-23 10:09:27,347 :INFO : test_way :click on details
2022-06-23 10:09:32,429 :INFO : test_way :clicks on book
2022-06-23 10:09:36,159 :INFO : test_way :clicks on continue
2022-06-23 10:09:36,159 :INFO : test_way :<<<<<<<NEW TEST CASE IS STARTING>>>>>>>
2022-06-23 10:09:49,206 :INFO : test_place :for entering the data in search bar
2022-06-23 10:09:49,290 :INFO : test_place :for search bar
2022-06-23 10:09:50,303 :INFO : test_place :clicks on bottle
2022-06-23 10:09:50,315 :INFO : test_place :handles tab
2022-06-23 10:09:52,400 :INFO : test_place :add to cart 
2022-06-23 10:09:55,280 :INFO : test_place :place the order
2022-06-23 10:09:55,280 :INFO : test_place :<<<<<<<NEW TEST CASE IS STARTING>>>>>>>
2022-06-23 10:10:16,893 :INFO : test_remove :click on cart
2022-06-23 10:10:21,984 :INFO : test_remove :clicks on remove
2022-06-23 10:10:27,115 :INFO : test_remove :removes item from cart
2022-06-23 10:10:27,115 :INFO : test_remove :<<<<<<<NEW TEST CASE IS STARTING>>>>>>>
2022-06-23 10:10:43,000 :INFO : test_search :click on travel
2022-06-23 10:10:48,138 :INFO : test_search :for round trip button
2022-06-23 10:10:53,300 :INFO : test_search :clicks on search
2022-06-23 10:11:03,511 :INFO : test_search :changes the flight
2022-06-23 10:11:03,511 :INFO : test_search :<<<<<<<NEW TEST CASE IS STARTING>>>>>>>
2022-06-23 10:11:19,562 :INFO : test_rou :clicks electronics
2022-06-23 10:11:20,149 :INFO : test_rou :mouse hover in electronics
2022-06-23 10:11:23,515 :INFO : test_rou :click on router
2022-06-23 10:11:28,742 :INFO : test_rou :click on product
2022-06-23 10:11:28,751 :INFO : test_rou :tab handle
2022-06-23 10:11:31,007 :INFO : test_rou :buy now
2022-06-23 10:11:33,015 :INFO : test_rou :<<<<<<<NEW TEST CASE IS STARTING>>>>>>>
2022-06-23 10:11:47,898 :INFO : test_bar :for entering the data in search bar
2022-06-23 10:11:48,013 :INFO : test_bar :for search bar
2022-06-23 10:11:49,113 :INFO : test_bar :takes jeans as input
2022-06-23 10:11:49,148 :INFO : test_bar :handles tab
2022-06-23 10:11:50,745 :INFO : test_bar :<<<<<<<NEW TEST CASE IS STARTING>>>>>>>
2022-06-23 10:12:08,628 :INFO : test_skinCare :Women options is Invoked for Skin Care
2022-06-23 10:12:09,353 :INFO : test_skinCare :Hover on option Women
2022-06-23 10:12:14,990 :INFO : test_skinCare :Clean & Clear is selected
2022-06-23 10:12:15,208 :INFO : test_skinCare :Successfully switched to the child-tab
2022-06-23 10:12:40,227 :INFO : test_you :click on electronics icon
2022-06-23 10:12:45,595 :INFO : test_you :mouse hover in electronics
2022-06-23 10:12:46,005 :INFO : test_you :clicks on smart watch
2022-06-23 10:12:51,194 :INFO : test_you :clicks on apple watch
2022-06-23 10:12:51,207 :INFO : test_you :handles tab
2022-06-23 10:12:53,407 :INFO : test_you :click on buy now
2022-06-23 10:12:56,418 :INFO : test_you :<<<<<<<NEW TEST CASE IS STARTING>>>>>>>
2022-06-23 10:13:10,417 :INFO : test_bar :click
2022-06-23 10:13:10,417 :INFO : test_bar :click
2022-06-23 10:13:11,813 :INFO : test_bar :handles tab
2022-06-23 10:13:11,813 :INFO : test_bar :handles tab
2022-06-23 10:13:13,173 :INFO : test_bar :add wish list
2022-06-23 10:13:13,173 :INFO : test_bar :add wish list
2022-06-23 10:13:18,260 :INFO : test_bar :add remove wish list
2022-06-23 10:13:18,260 :INFO : test_bar :add remove wish list
2022-06-23 10:13:18,261 :INFO : test_bar :<<<<<<<NEW TEST CASE IS STARTING>>>>>>>
2022-06-23 10:13:18,261 :INFO : test_bar :<<<<<<<NEW TEST CASE IS STARTING>>>>>>>
2022-06-23 10:13:35,355 :INFO : test_womenBag :Women options is Invoked for Handbag
2022-06-23 10:13:36,454 :INFO : test_womenBag :Hover on option Women
2022-06-23 10:13:41,418 :INFO : test_womenBag :Women Pink Hand-held is selected
2022-06-23 10:13:41,595 :INFO : test_womenBag :Successfully switched to the child-tab
2022-06-23 10:13:43,187 :INFO : test_womenBag :Women Pink Hand-held Bag is displayed in detail and verified
2022-06-23 10:13:43,187 :INFO : test_womenBag :<<<<<<<NEW TEST CASE IS STARTING>>>>>>>
2022-06-23 10:13:59,871 :INFO : test_topWear :Women options is Invoked for Topwear
2022-06-23 10:14:00,626 :INFO : test_topWear :Hover on option Women
2022-06-23 10:14:05,954 :INFO : test_topWear :Casual Puff Sleeves is selected
2022-06-23 10:14:06,134 :INFO : test_topWear :Successfully switched to the child-tab
2022-06-23 10:14:08,749 :INFO : test_topWear :Casual Puff Sleeves Solid Women Dark Blue Top is displayed in detail and verified
2022-06-23 10:14:08,750 :INFO : test_topWear :<<<<<<<NEW TEST CASE IS STARTING>>>>>>>
2022-06-23 10:17:43,246 :INFO : test_kidsCloth :'Kids options is Invoked for Kids Cloth
2022-06-23 10:17:44,196 :INFO : test_kidsCloth :Hover on option Baby & Kids
2022-06-23 10:17:45,453 :INFO : test_kidsCloth :Girls Maxi/Full Length Festive/Wedding Dress is selected
2022-06-23 10:17:45,577 :INFO : test_kidsCloth :Successfully switched to the child-tab
2022-06-23 10:17:47,291 :INFO : test_kidsCloth :Girls Maxi/Full Length Festive/Wedding Dress  (Red, Sleeveless) is displaying in detail and verified
2022-06-23 10:17:47,291 :INFO : test_kidsCloth :<<<<<<<NEW TEST CASE IS STARTING>>>>>>>
2022-06-23 10:20:37,345 :INFO : test_quantity :for entering the data in search bar
2022-06-23 10:20:37,427 :INFO : test_quantity :for search bar
2022-06-23 10:20:38,563 :INFO : test_quantity :takes aeroplane as input
2022-06-23 10:20:38,577 :INFO : test_quantity :Window Switched
2022-06-23 10:20:40,213 :INFO : test_quantity :add to cart
2022-06-23 10:20:49,405 :INFO : test_quantity :increases quantity
2022-06-23 10:20:54,418 :INFO : test_quantity :<<<<<<<NEW TEST CASE IS STARTING>>>>>>>
2022-06-23 10:21:56,300 :INFO : test_homeFurniture :'Home & Furniture options is Invoked for Bean Bag
2022-06-23 10:21:57,551 :INFO : test_homeFurniture :Hover on option Home & Furniture
2022-06-23 10:22:02,623 :INFO : test_homeFurniture :Soft Touch Bean is selected
2022-06-23 10:22:02,823 :INFO : test_homeFurniture :Successfully switched to the child-tab
2022-06-23 10:22:04,556 :INFO : test_homeFurniture :Soft Touch Bean Bag Filler  (Pure) is displayed in detail and verified
2022-06-23 10:22:04,557 :INFO : test_homeFurniture :<<<<<<<NEW TEST CASE IS STARTING>>>>>>>
2022-06-23 10:23:28,703 :INFO : test_mobile :click on mobiles
2022-06-23 10:24:30,697 :INFO : test_skinCare :Women options is Invoked for Skin Care
2022-06-23 10:24:31,883 :INFO : test_skinCare :Hover on option Women
2022-06-23 10:24:36,739 :INFO : test_skinCare :Clean & Clear is selected
2022-06-23 10:24:36,897 :INFO : test_skinCare :Successfully switched to the child-tab
2022-06-23 10:31:54,043 :INFO : test_skinCare :Women options is Invoked for Skin Care
2022-06-23 10:31:55,062 :INFO : test_skinCare :Hover on option Women
2022-06-23 10:31:59,921 :INFO : test_skinCare :Clean & Clear is selected
2022-06-23 10:32:00,086 :INFO : test_skinCare :Successfully switched to the child-tab
2022-06-23 10:32:01,991 :INFO : test_skinCare :Clean & Clear Face Wash  (450 ml) is displayed in detail and verified
2022-06-23 10:32:01,992 :INFO : test_skinCare :<<<<<<<NEW TEST CASE IS STARTING>>>>>>>
2022-06-23 10:38:37,398 :INFO : test_mobile :click on mobiles
2022-06-23 10:38:38,079 :INFO : test_mobile :click on Infinix hot 12 play
2022-06-23 10:38:38,639 :INFO : test_mobile :click on Infinix hot 12 play 64gb
2022-06-23 10:38:38,653 :INFO : test_mobile :Handles tab
2022-06-23 10:38:40,627 :INFO : test_mobile :add to cart
2022-06-23 10:38:45,627 :INFO : test_mobile :<<<<<<<NEW TEST CASE IS STARTING>>>>>>>
2022-06-23 11:45:48,465 :INFO : test_NewAddress :Going to Click on Profile
2022-06-23 11:45:52,902 :INFO : test_NewAddress :Manage Address Opened
2022-06-23 11:45:56,062 :INFO : test_NewAddress :Name entered as TESTING SPRINT
2022-06-23 11:45:56,136 :INFO : test_NewAddress :Phone No. entered 9283839290
2022-06-23 11:45:56,205 :INFO : test_NewAddress :Pincode entered as 273003
2022-06-23 11:45:56,296 :INFO : test_NewAddress :Address2 entered
2022-06-23 11:45:56,431 :INFO : test_NewAddress :Address1 entered
2022-06-23 11:45:56,522 :INFO : test_NewAddress :Landmark entered as DPS School
2022-06-23 11:45:56,579 :INFO : test_NewAddress :State selected asUttar Pradesh
2022-06-23 11:45:56,623 :INFO : test_NewAddress :Radio button is selected
2022-06-23 11:45:56,668 :INFO : test_NewAddress :Save button click
2022-06-23 11:45:56,669 :INFO : test_NewAddress :<<<<<<<NEW TEST CASE IS STARTING>>>>>>>
2022-06-23 11:46:16,347 :INFO : test_homeClock :'Home & Furniture options is Invoked for clock
2022-06-23 11:46:16,883 :INFO : test_homeClock :Hover on option Home & Furniture
2022-06-23 11:46:21,939 :INFO : test_homeClock :AJANTA Analog 35 is selected
2022-06-23 11:46:22,041 :INFO : test_homeClock :Successfully switched to the child-tab
2022-06-23 11:46:23,586 :INFO : test_homeClock :AJANTA Analog 35 cm X 33 cm Wall Clock  (Multicolor, With Glass, Standard) is displaying in detail and verified
2022-06-23 11:46:23,586 :INFO : test_homeClock :<<<<<<<NEW TEST CASE IS STARTING>>>>>>>
2022-06-23 11:46:40,393 :INFO : test_homeFurniture :'Home & Furniture options is Invoked for Bean Bag
2022-06-23 11:46:41,121 :INFO : test_homeFurniture :Hover on option Home & Furniture
2022-06-23 11:46:45,831 :INFO : test_homeFurniture :Soft Touch Bean is selected
2022-06-23 11:46:45,968 :INFO : test_homeFurniture :Successfully switched to the child-tab
2022-06-23 11:46:47,376 :INFO : test_homeFurniture :Soft Touch Bean Bag Filler  (Virgin) is displayed in detail and verified
2022-06-23 11:46:47,376 :INFO : test_homeFurniture :<<<<<<<NEW TEST CASE IS STARTING>>>>>>>
2022-06-23 11:47:01,894 :INFO : test_kidsCloth :'Kids options is Invoked for Kids Cloth
2022-06-23 11:47:02,459 :INFO : test_kidsCloth :Hover on option Baby & Kids
2022-06-23 11:47:03,344 :INFO : test_kidsCloth :Girls Maxi/Full Length Festive/Wedding Dress is selected
2022-06-23 11:47:03,471 :INFO : test_kidsCloth :Successfully switched to the child-tab
2022-06-23 11:47:05,296 :INFO : test_kidsCloth :Girls Maxi/Full Length Festive/Wedding Dress  (Red, Sleeveless) is displaying in detail and verified
2022-06-23 11:47:05,297 :INFO : test_kidsCloth :<<<<<<<NEW TEST CASE IS STARTING>>>>>>>
2022-06-23 11:47:16,786 :INFO : test_kidToy :'Kids options is Invoked for Kids Toys
2022-06-23 11:47:17,367 :INFO : test_kidToy :Hover on option Baby & Kids
2022-06-23 11:47:18,259 :INFO : test_kidToy :Miss & Chief is selected
2022-06-23 11:47:18,344 :INFO : test_kidToy :Successfully switched to the child-tab
2022-06-23 11:47:19,901 :INFO : test_kidToy :Miss & Chief 2.6 Ghz 6 Channel Remote Control Quadcopter without Camera for Kids, 14+ Age  (White) is displaying in detail and verified
2022-06-23 11:47:19,901 :INFO : test_kidToy :<<<<<<<NEW TEST CASE IS STARTING>>>>>>>
2022-06-23 11:47:34,630 :INFO : test_NewAddress :Child window switched
2022-06-23 11:47:34,630 :INFO : test_NewAddress :Child window switched
2022-06-23 11:47:34,704 :INFO : test_NewAddress :Logged out successfully
2022-06-23 11:47:34,704 :INFO : test_NewAddress :Logged out successfully
2022-06-23 11:47:36,430 :INFO : test_NewAddress :username Entered
2022-06-23 11:47:36,430 :INFO : test_NewAddress :username Entered
2022-06-23 11:47:36,514 :INFO : test_NewAddress :Password Entered
2022-06-23 11:47:36,514 :INFO : test_NewAddress :Password Entered
2022-06-23 11:47:36,593 :INFO : test_NewAddress :Submitted
2022-06-23 11:47:36,593 :INFO : test_NewAddress :Submitted
2022-06-23 11:47:36,994 :INFO : test_NewAddress :Your username or password is incorrect shown Successfully
2022-06-23 11:47:36,994 :INFO : test_NewAddress :Your username or password is incorrect shown Successfully
2022-06-23 11:47:48,717 :INFO : test_MenAccer :'Moving to options to get MEN option
2022-06-23 11:47:49,294 :INFO : test_MenAccer :Hover on option Men option
2022-06-23 11:47:51,012 :INFO : test_MenAccer :Men Casual Brown is selected
2022-06-23 11:47:51,152 :INFO : test_MenAccer :Successfully switched to the child-tab
2022-06-23 11:47:52,374 :INFO : test_MenAccer :Men Casual Brown Artificial Leather, Artificial Leather Wallet  (8 Card Slots) is displaying in detail and verified
2022-06-23 11:47:52,374 :INFO : test_MenAccer :<<<<<<<NEW TEST CASE IS STARTING>>>>>>>
2022-06-23 11:48:29,903 :INFO : test_MenFootware :'Moving to options to get MEN option
2022-06-23 11:48:30,727 :INFO : test_MenFootware :Hover on option Men option
2022-06-23 11:48:33,725 :INFO : test_MenFootware :Brown color Patent is selected
2022-06-23 11:48:33,827 :INFO : test_MenFootware :Successfully switched to the child-tab
2022-06-23 11:48:36,497 :INFO : test_MenFootware :Brown color Patent Formal Stylish Party Wear Lace Up Shoe For Men. Lace Up For Men  (Brown) is displaying in detail and verified
2022-06-23 11:48:36,497 :INFO : test_MenFootware :<<<<<<<NEW TEST CASE IS STARTING>>>>>>>
2022-06-23 11:49:03,272 :INFO : test_TestMenGrming :'Moving to options to get MEN option
2022-06-23 11:49:04,088 :INFO : test_TestMenGrming :Hover on option Men option
2022-06-23 11:49:05,018 :INFO : test_TestMenGrming :Bella vita organic is selected
2022-06-23 11:49:05,140 :INFO : test_TestMenGrming :Successfully switched to the child-tab
2022-06-23 11:49:06,644 :INFO : test_TestMenGrming :Bella vita organic SKAI AQUATIC Unisex Cologne Perfume For Men & Women Eau de Cologne - 20 ml  (For Men & Women) is displaying in detail and verified
2022-06-23 11:49:06,644 :INFO : test_TestMenGrming :<<<<<<<NEW TEST CASE IS STARTING>>>>>>>
2022-06-23 11:49:24,818 :INFO : test_OrderProduct :Searching iphone 13 pro max in search bar
2022-06-23 11:49:26,424 :INFO : test_OrderProduct :Iphone is selected
2022-06-23 11:49:26,433 :INFO : test_OrderProduct :Successfully switched to the child-tab
2022-06-23 11:49:30,099 :INFO : test_OrderProduct :Click On Buy now
2022-06-23 11:49:32,138 :INFO : test_OrderProduct :Continue for Address
2022-06-23 11:49:32,214 :INFO : test_OrderProduct :Procced to payment
2022-06-23 11:49:32,214 :INFO : test_OrderProduct :Now Product can be ordered successfully
2022-06-23 11:49:32,214 :INFO : test_OrderProduct :<<<<<<<NEW TEST CASE IS STARTING>>>>>>>
2022-06-23 11:49:45,617 :INFO : test_schoolsply :'Moving to options to get Baby & Kids option
2022-06-23 11:49:46,182 :INFO : test_schoolsply :Hover on option Baby & Kids option
2022-06-23 11:49:50,286 :INFO : test_schoolsply :Martucci School Bags is selected
2022-06-23 11:49:50,395 :INFO : test_schoolsply :Successfully switched to the child-tab
2022-06-23 11:49:51,999 :INFO : test_schoolsply :Martucci School Bags for Boys and Girls II Genuine Backpack II Coaching Bag II Multiuse Bag II School Backpack II Smart Tuition Bag (Secondary 6th Std Plus) Waterproof School Bag  (Black, 35 L) is displaying in detail and verified
2022-06-23 11:49:52,000 :INFO : test_schoolsply :<<<<<<<NEW TEST CASE IS STARTING>>>>>>>
2022-06-23 11:50:11,442 :INFO : test_Tv :'Moving to option to get TVs & Appliances option
2022-06-23 11:50:12,049 :INFO : test_Tv :Hover on option TVs & Appliances
2022-06-23 11:50:12,742 :INFO : test_Tv : is selected
2022-06-23 11:50:12,831 :INFO : test_Tv :Successfully switched to the child-tab
2022-06-23 11:50:14,871 :INFO : test_Tv :OnePlus Y1 80 cm (32 inch) HD Ready LED Smart Android TV  (32HA0A00) is displayed in detail and verified
2022-06-23 11:50:14,871 :INFO : test_Tv :<<<<<<<NEW TEST CASE IS STARTING>>>>>>>
2022-06-23 11:50:31,748 :INFO : test_AutomaticMachine :'Moving to option to get TVs & Appliances option
2022-06-23 11:50:32,486 :INFO : test_AutomaticMachine :Hover on option TVs & Appliances
2022-06-23 11:50:37,434 :INFO : test_AutomaticMachine :LG 6.5 kg is selected
2022-06-23 11:50:37,537 :INFO : test_AutomaticMachine :Successfully switched to the child-tab
2022-06-23 11:50:39,226 :INFO : test_AutomaticMachine :LG 6.5 kg with Steam and Smart Diagnosis Fully Automatic Front Load with In-built Heater White  (FHM1065SDW) is displayed in detail and verified
2022-06-23 11:50:39,227 :INFO : test_AutomaticMachine :<<<<<<<NEW TEST CASE IS STARTING>>>>>>>
2022-06-23 11:50:54,046 :INFO : test_quantity :for entering the data in search bar
2022-06-23 11:50:54,112 :INFO : test_quantity :for search bar
2022-06-23 11:50:55,350 :INFO : test_quantity :takes aeroplane as input
2022-06-23 11:50:55,362 :INFO : test_quantity :Window Switched
2022-06-23 11:50:57,422 :INFO : test_quantity :add to cart
2022-06-23 11:51:34,244 :INFO : test_homeWallLamppp :'Home & Furniture options is Invoked for Wall Lamp
2022-06-23 11:51:34,876 :INFO : test_homeWallLamppp :Hover on option Home & Furniture
2022-06-23 11:51:39,694 :INFO : test_homeWallLamppp :Areezo Wallchiere Wall Lamp Without Bulb is selected
2022-06-23 11:51:39,822 :INFO : test_homeWallLamppp :Successfully switched to the child-tab
2022-06-23 11:51:41,321 :INFO : test_homeWallLamppp :Areezo Wallchiere Wall Lamp Without Bulb is displayed in detail and verified
2022-06-23 11:51:41,322 :INFO : test_homeWallLamppp :<<<<<<<NEW TEST CASE IS STARTING>>>>>>>
2022-06-23 11:51:53,516 :INFO : test_mobile :click on mobiles
2022-06-23 11:51:54,130 :INFO : test_mobile :click on Infinix hot 12 play
2022-06-23 11:51:54,685 :INFO : test_mobile :click on Infinix hot 12 play 64gb
2022-06-23 11:51:54,692 :INFO : test_mobile :Handles tab
2022-06-23 11:51:56,331 :INFO : test_mobile :add to cart
2022-06-23 11:52:01,345 :INFO : test_mobile :<<<<<<<NEW TEST CASE IS STARTING>>>>>>>
2022-06-23 11:52:16,499 :INFO : test_way :click on travel
2022-06-23 11:52:21,570 :INFO : test_way :select one way
2022-06-23 11:52:26,645 :INFO : test_way :clicks on search
2022-06-23 11:52:27,472 :INFO : test_way :click on details
2022-06-23 11:52:32,533 :INFO : test_way :clicks on book
2022-06-23 11:52:35,152 :INFO : test_way :clicks on continue
2022-06-23 11:52:35,152 :INFO : test_way :<<<<<<<NEW TEST CASE IS STARTING>>>>>>>
2022-06-23 11:53:17,001 :INFO : test_place :for entering the data in search bar
2022-06-23 11:53:17,085 :INFO : test_place :for search bar
2022-06-23 11:53:18,400 :INFO : test_place :clicks on bottle
2022-06-23 11:53:18,413 :INFO : test_place :handles tab
2022-06-23 11:53:20,012 :INFO : test_place :add to cart 
2022-06-23 11:53:22,738 :INFO : test_place :place the order
2022-06-23 11:53:22,738 :INFO : test_place :<<<<<<<NEW TEST CASE IS STARTING>>>>>>>
2022-06-23 11:53:34,574 :INFO : test_remove :click on cart
2022-06-23 11:54:07,417 :INFO : test_search :click on travel
2022-06-23 11:54:12,481 :INFO : test_search :for round trip button
2022-06-23 11:54:17,559 :INFO : test_search :clicks on search
2022-06-23 11:54:27,641 :INFO : test_search :changes the flight
2022-06-23 11:54:27,642 :INFO : test_search :<<<<<<<NEW TEST CASE IS STARTING>>>>>>>
2022-06-23 11:54:39,743 :INFO : test_rou :clicks electronics
2022-06-23 11:54:40,198 :INFO : test_rou :mouse hover in electronics
2022-06-23 11:54:43,528 :INFO : test_rou :click on router
2022-06-23 11:54:48,622 :INFO : test_rou :click on product
2022-06-23 11:54:48,631 :INFO : test_rou :tab handle
2022-06-23 11:54:50,191 :INFO : test_rou :buy now
2022-06-23 11:54:52,204 :INFO : test_rou :<<<<<<<NEW TEST CASE IS STARTING>>>>>>>
2022-06-23 11:55:04,761 :INFO : test_bar :for entering the data in search bar
2022-06-23 11:55:04,831 :INFO : test_bar :for search bar
2022-06-23 11:55:06,117 :INFO : test_bar :takes jeans as input
2022-06-23 11:55:06,147 :INFO : test_bar :handles tab
2022-06-23 11:55:08,038 :INFO : test_bar :<<<<<<<NEW TEST CASE IS STARTING>>>>>>>
2022-06-23 11:55:24,841 :INFO : test_skinCare :Women options is Invoked for Skin Care
2022-06-23 11:55:25,440 :INFO : test_skinCare :Hover on option Women
2022-06-23 11:55:30,627 :INFO : test_skinCare :Clean & Clear is selected
2022-06-23 11:55:30,755 :INFO : test_skinCare :Successfully switched to the child-tab
2022-06-23 11:55:32,243 :INFO : test_skinCare :Clean & Clear Face Wash  (450 ml) is displayed in detail and verified
2022-06-23 11:55:32,243 :INFO : test_skinCare :<<<<<<<NEW TEST CASE IS STARTING>>>>>>>
2022-06-23 11:55:45,252 :INFO : test_you :click on electronics icon
2022-06-23 11:55:50,551 :INFO : test_you :mouse hover in electronics
2022-06-23 11:55:50,871 :INFO : test_you :clicks on smart watch
2022-06-23 11:55:55,960 :INFO : test_you :clicks on apple watch
2022-06-23 11:55:55,969 :INFO : test_you :handles tab
2022-06-23 11:55:57,466 :INFO : test_you :click on buy now
2022-06-23 11:56:00,470 :INFO : test_you :<<<<<<<NEW TEST CASE IS STARTING>>>>>>>
2022-06-23 11:56:18,334 :INFO : test_bar :click
2022-06-23 11:56:18,334 :INFO : test_bar :click
2022-06-23 11:56:19,343 :INFO : test_bar :handles tab
2022-06-23 11:56:19,343 :INFO : test_bar :handles tab
2022-06-23 11:56:20,820 :INFO : test_bar :add wish list
2022-06-23 11:56:20,820 :INFO : test_bar :add wish list
2022-06-23 11:56:25,871 :INFO : test_bar :add remove wish list
2022-06-23 11:56:25,871 :INFO : test_bar :add remove wish list
2022-06-23 11:56:25,872 :INFO : test_bar :<<<<<<<NEW TEST CASE IS STARTING>>>>>>>
2022-06-23 11:56:25,872 :INFO : test_bar :<<<<<<<NEW TEST CASE IS STARTING>>>>>>>
2022-06-23 11:56:48,488 :INFO : test_womenBag :Women options is Invoked for Handbag
2022-06-23 11:56:49,159 :INFO : test_womenBag :Hover on option Women
2022-06-23 11:56:54,774 :INFO : test_womenBag :Women Pink Hand-held is selected
2022-06-23 11:56:54,873 :INFO : test_womenBag :Successfully switched to the child-tab
2022-06-23 11:56:57,834 :INFO : test_womenBag :Women Pink Hand-held Bag is displayed in detail and verified
2022-06-23 11:56:57,834 :INFO : test_womenBag :<<<<<<<NEW TEST CASE IS STARTING>>>>>>>
2022-06-23 11:57:15,942 :INFO : test_topWear :Women options is Invoked for Topwear
2022-06-23 11:57:16,527 :INFO : test_topWear :Hover on option Women
2022-06-23 11:57:21,870 :INFO : test_topWear :Casual Puff Sleeves is selected
2022-06-23 11:57:21,950 :INFO : test_topWear :Successfully switched to the child-tab
2022-06-23 11:57:24,164 :INFO : test_topWear :Casual Puff Sleeves Solid Women Dark Blue Top is displayed in detail and verified
2022-06-23 11:57:24,164 :INFO : test_topWear :<<<<<<<NEW TEST CASE IS STARTING>>>>>>>
2022-06-23 13:18:30,217 :INFO : test_skinCare :Women options is Invoked for Skin Care
2022-06-23 13:19:07,822 :INFO : test_skinCare :Women options is Invoked for Skin Care
2022-06-23 13:19:08,931 :INFO : test_skinCare :Hover on option Women
2022-06-23 13:19:14,352 :INFO : test_skinCare :Clean & Clear is selected
2022-06-23 13:19:14,465 :INFO : test_skinCare :Successfully switched to the child-tab
2022-06-23 13:19:16,316 :INFO : test_skinCare :Clean & Clear Face Wash  (450 ml) is displayed in detail and verified
2022-06-23 13:19:16,316 :INFO : test_skinCare :<<<<<<<NEW TEST CASE IS STARTING>>>>>>>
2022-06-23 15:06:52,102 :INFO : test_NewAddress :Going to Click on Profile
2022-06-23 15:06:56,669 :INFO : test_NewAddress :Manage Address Opened
2022-06-23 15:06:59,862 :INFO : test_NewAddress :Name entered as TESTING SPRINT
2022-06-23 15:06:59,967 :INFO : test_NewAddress :Phone No. entered 9283839290
2022-06-23 15:07:00,078 :INFO : test_NewAddress :Pincode entered as 273003
2022-06-23 15:07:00,188 :INFO : test_NewAddress :Address2 entered
2022-06-23 15:07:00,379 :INFO : test_NewAddress :Address1 entered
2022-06-23 15:07:00,468 :INFO : test_NewAddress :Landmark entered as DPS School
2022-06-23 15:07:00,533 :INFO : test_NewAddress :State selected asUttar Pradesh
2022-06-23 15:07:00,605 :INFO : test_NewAddress :Radio button is selected
2022-06-23 15:07:00,685 :INFO : test_NewAddress :Save button click
2022-06-23 15:07:00,685 :INFO : test_NewAddress :<<<<<<<NEW TEST CASE IS STARTING>>>>>>>
2022-06-23 15:07:38,579 :INFO : test_homeClock :'Home & Furniture options is Invoked for clock
2022-06-23 15:07:39,353 :INFO : test_homeClock :Hover on option Home & Furniture
2022-06-23 15:07:44,487 :INFO : test_homeClock :GrabBasket Analog 27 is selected
2022-06-23 15:07:44,642 :INFO : test_homeClock :Successfully switched to the child-tab
2022-06-23 15:07:46,414 :INFO : test_homeClock :GrabBasket Analog 27 cm X 27 cm Wall Clock  (Yellow, Brown, With Glass, Standard) is displaying in detail and verified
2022-06-23 15:07:46,414 :INFO : test_homeClock :<<<<<<<NEW TEST CASE IS STARTING>>>>>>>
2022-06-23 15:08:04,313 :INFO : test_homeFurniture :'Home & Furniture options is Invoked for Bean Bag
2022-06-23 15:08:05,005 :INFO : test_homeFurniture :Hover on option Home & Furniture
2022-06-23 15:08:09,752 :INFO : test_homeFurniture :mollismoons XXXL Chair is selected
2022-06-23 15:08:10,025 :INFO : test_homeFurniture :Successfully switched to the child-tab
2022-06-23 15:08:11,967 :INFO : test_homeFurniture :mollismoons XXXL Chair Bean Bag Cover (Without Beans)  (Grey) is displayed in detail and verified
2022-06-23 15:08:11,967 :INFO : test_homeFurniture :<<<<<<<NEW TEST CASE IS STARTING>>>>>>>
2022-06-23 15:08:54,060 :INFO : test_kidsCloth :'Kids options is Invoked for Kids Cloth
2022-06-23 15:08:54,899 :INFO : test_kidsCloth :Hover on option Baby & Kids
2022-06-23 15:08:56,223 :INFO : test_kidsCloth :Girls Maxi/Full Length Festive/Wedding Dress is selected
2022-06-23 15:08:56,400 :INFO : test_kidsCloth :Successfully switched to the child-tab
2022-06-23 15:08:58,209 :INFO : test_kidsCloth :Girls Maxi/Full Length Festive/Wedding Dress  (Red, Sleeveless) is displaying in detail and verified
2022-06-23 15:08:58,209 :INFO : test_kidsCloth :<<<<<<<NEW TEST CASE IS STARTING>>>>>>>
2022-06-23 15:09:58,476 :INFO : test_kidToy :'Kids options is Invoked for Kids Toys
2022-06-23 15:09:59,304 :INFO : test_kidToy :Hover on option Baby & Kids
2022-06-23 15:10:00,525 :INFO : test_kidToy :Dallao Waterproof Remote is selected
2022-06-23 15:10:00,685 :INFO : test_kidToy :Successfully switched to the child-tab
2022-06-23 15:10:02,768 :INFO : test_kidToy :Dallao Waterproof Remote Controlled Rock Crawler RC Monster Car With Wheel Remote , 4 Wheels , 1 Stepnee, , 1:20 scale  (Blue) is displaying in detail and verified
2022-06-23 15:10:02,769 :INFO : test_kidToy :<<<<<<<NEW TEST CASE IS STARTING>>>>>>>
2022-06-23 15:10:17,454 :INFO : test_NewAddress :Child window switched
2022-06-23 15:10:17,454 :INFO : test_NewAddress :Child window switched
2022-06-23 15:10:17,597 :INFO : test_NewAddress :Logged out successfully
2022-06-23 15:10:17,597 :INFO : test_NewAddress :Logged out successfully
2022-06-23 15:10:19,042 :INFO : test_NewAddress :username Entered
2022-06-23 15:10:19,042 :INFO : test_NewAddress :username Entered
2022-06-23 15:10:19,142 :INFO : test_NewAddress :Password Entered
2022-06-23 15:10:19,142 :INFO : test_NewAddress :Password Entered
2022-06-23 15:10:19,251 :INFO : test_NewAddress :Submitted
2022-06-23 15:10:19,251 :INFO : test_NewAddress :Submitted
2022-06-23 15:10:19,744 :INFO : test_NewAddress :Your username or password is incorrect shown Successfully
2022-06-23 15:10:19,744 :INFO : test_NewAddress :Your username or password is incorrect shown Successfully
2022-06-23 15:10:33,079 :INFO : test_MenAccer :'Moving to options to get MEN option
2022-06-23 15:10:33,692 :INFO : test_MenAccer :Hover on option Men option
2022-06-23 15:10:34,710 :INFO : test_MenAccer :Men Casual Brown is selected
2022-06-23 15:10:34,906 :INFO : test_MenAccer :Successfully switched to the child-tab
2022-06-23 15:10:36,654 :INFO : test_MenAccer :Men Casual Brown Artificial Leather, Artificial Leather Wallet  (8 Card Slots) is displaying in detail and verified
2022-06-23 15:10:36,654 :INFO : test_MenAccer :<<<<<<<NEW TEST CASE IS STARTING>>>>>>>
2022-06-23 15:11:24,198 :INFO : test_MenFootware :'Moving to options to get MEN option
2022-06-23 15:11:25,102 :INFO : test_MenFootware :Hover on option Men option
2022-06-23 15:11:26,510 :INFO : test_MenFootware :Brown color Patent is selected
2022-06-23 15:11:26,680 :INFO : test_MenFootware :Successfully switched to the child-tab
2022-06-23 15:11:28,791 :INFO : test_MenFootware :Brown color Patent Formal Stylish Party Wear Lace Up Shoe For Men. Lace Up For Men  (Brown) is displaying in detail and verified
2022-06-23 15:11:28,791 :INFO : test_MenFootware :<<<<<<<NEW TEST CASE IS STARTING>>>>>>>
2022-06-23 15:12:02,152 :INFO : test_TestMenGrming :'Moving to options to get MEN option
2022-06-23 15:12:02,967 :INFO : test_TestMenGrming :Hover on option Men option
2022-06-23 15:12:03,882 :INFO : test_TestMenGrming :Body Cupid Raspberry is selected
2022-06-23 15:12:04,013 :INFO : test_TestMenGrming :Successfully switched to the child-tab
2022-06-23 15:12:05,632 :INFO : test_TestMenGrming :Body Cupid Raspberry Burst Body Mist - 100 ml Perfume - 100 ml  (For Men & Women) is displaying in detail and verified
2022-06-23 15:12:05,632 :INFO : test_TestMenGrming :<<<<<<<NEW TEST CASE IS STARTING>>>>>>>
2022-06-23 15:12:30,927 :INFO : test_OrderProduct :Searching iphone 13 pro max in search bar
2022-06-23 15:12:32,402 :INFO : test_OrderProduct :Iphone is selected
2022-06-23 15:12:32,410 :INFO : test_OrderProduct :Successfully switched to the child-tab
2022-06-23 15:12:36,789 :INFO : test_OrderProduct :Click On Buy now
2022-06-23 15:12:38,389 :INFO : test_OrderProduct :Continue for Address
2022-06-23 15:12:38,468 :INFO : test_OrderProduct :Procced to payment
2022-06-23 15:12:38,469 :INFO : test_OrderProduct :Now Product can be ordered successfully
2022-06-23 15:12:38,469 :INFO : test_OrderProduct :<<<<<<<NEW TEST CASE IS STARTING>>>>>>>
2022-06-23 15:13:15,242 :INFO : test_schoolsply :'Moving to options to get Baby & Kids option
2022-06-23 15:13:16,048 :INFO : test_schoolsply :Hover on option Baby & Kids option
2022-06-23 15:13:20,216 :INFO : test_schoolsply :Martucci School Bags is selected
2022-06-23 15:13:20,339 :INFO : test_schoolsply :Successfully switched to the child-tab
2022-06-23 15:13:22,825 :INFO : test_schoolsply :Martucci School Bags for Boys and Girls II Genuine Backpack II Coaching Bag II Multiuse Bag II School Backpack II Smart Tuition Bag (Secondary 6th Std Plus) Waterproof School Bag  (Black, 35 L) is displaying in detail and verified
2022-06-23 15:13:22,825 :INFO : test_schoolsply :<<<<<<<NEW TEST CASE IS STARTING>>>>>>>
2022-06-23 15:13:44,326 :INFO : test_Tv :'Moving to option to get TVs & Appliances option
2022-06-23 15:13:44,926 :INFO : test_Tv :Hover on option TVs & Appliances
2022-06-23 15:13:45,781 :INFO : test_Tv : is selected
2022-06-23 15:13:45,915 :INFO : test_Tv :Successfully switched to the child-tab
2022-06-23 15:13:48,982 :INFO : test_Tv :OnePlus Y1 80 cm (32 inch) HD Ready LED Smart Android TV  (32HA0A00) is displayed in detail and verified
2022-06-23 15:13:48,982 :INFO : test_Tv :<<<<<<<NEW TEST CASE IS STARTING>>>>>>>
2022-06-23 15:14:32,640 :INFO : test_AutomaticMachine :'Moving to option to get TVs & Appliances option
2022-06-23 15:14:33,467 :INFO : test_AutomaticMachine :Hover on option TVs & Appliances
2022-06-23 15:14:38,555 :INFO : test_AutomaticMachine :BOSCH 8 kg is selected
2022-06-23 15:14:38,700 :INFO : test_AutomaticMachine :Successfully switched to the child-tab
2022-06-23 15:14:40,701 :INFO : test_AutomaticMachine :BOSCH 8 kg Drive Motor, Anti Tangle, Anti Vibration Fully Automatic Front Load with In-built Heater White  (WAJ2426AIN) is displayed in detail and verified
2022-06-23 15:14:40,701 :INFO : test_AutomaticMachine :<<<<<<<NEW TEST CASE IS STARTING>>>>>>>
2022-06-23 15:15:02,754 :INFO : test_quantity :for entering the data in search bar
2022-06-23 15:15:02,854 :INFO : test_quantity :for search bar
2022-06-23 15:15:04,230 :INFO : test_quantity :takes aeroplane as input
2022-06-23 15:15:04,238 :INFO : test_quantity :Window Switched
2022-06-23 15:15:05,940 :INFO : test_quantity :add to cart
2022-06-23 15:15:15,164 :INFO : test_quantity :increases quantity
2022-06-23 15:15:20,164 :INFO : test_quantity :<<<<<<<NEW TEST CASE IS STARTING>>>>>>>
2022-06-23 15:15:38,842 :INFO : test_homeWallLamppp :'Home & Furniture options is Invoked for Wall Lamp
2022-06-23 15:15:39,658 :INFO : test_homeWallLamppp :Hover on option Home & Furniture
2022-06-23 15:15:45,105 :INFO : test_homeWallLamppp :PR Prashant Pendant Wall Lamp Without Bulb is selected
2022-06-23 15:15:45,327 :INFO : test_homeWallLamppp :Successfully switched to the child-tab
2022-06-23 15:15:47,219 :INFO : test_homeWallLamppp :PR Prashant Pendant Wall Lamp Without Bulb is displayed in detail and verified
2022-06-23 15:15:47,221 :INFO : test_homeWallLamppp :<<<<<<<NEW TEST CASE IS STARTING>>>>>>>
2022-06-23 15:16:13,533 :INFO : test_mobile :click on mobiles
2022-06-23 15:16:14,430 :INFO : test_mobile :click on Infinix hot 12 play
2022-06-23 15:16:15,045 :INFO : test_mobile :click on Infinix hot 12 play 64gb
2022-06-23 15:16:15,058 :INFO : test_mobile :Handles tab
2022-06-23 15:16:17,258 :INFO : test_mobile :add to cart
2022-06-23 15:16:22,271 :INFO : test_mobile :<<<<<<<NEW TEST CASE IS STARTING>>>>>>>
2022-06-23 15:16:38,619 :INFO : test_way :click on travel
2022-06-23 15:16:43,688 :INFO : test_way :select one way
2022-06-23 15:16:48,777 :INFO : test_way :clicks on search
2022-06-23 15:16:53,538 :INFO : test_way :click on details
2022-06-23 15:16:58,606 :INFO : test_way :clicks on book
2022-06-23 15:17:02,159 :INFO : test_way :clicks on continue
2022-06-23 15:17:02,159 :INFO : test_way :<<<<<<<NEW TEST CASE IS STARTING>>>>>>>
2022-06-23 15:17:16,090 :INFO : test_place :for entering the data in search bar
2022-06-23 15:17:16,193 :INFO : test_place :for search bar
2022-06-23 15:17:18,585 :INFO : test_place :clicks on bottle
2022-06-23 15:17:18,591 :INFO : test_place :handles tab
2022-06-23 15:17:20,835 :INFO : test_place :add to cart 
2022-06-23 15:17:23,785 :INFO : test_place :place the order
2022-06-23 15:17:23,786 :INFO : test_place :<<<<<<<NEW TEST CASE IS STARTING>>>>>>>
2022-06-23 15:18:00,207 :INFO : test_remove :click on cart
2022-06-23 15:18:05,274 :INFO : test_remove :clicks on remove
2022-06-23 15:18:10,339 :INFO : test_remove :removes item from cart
2022-06-23 15:18:10,340 :INFO : test_remove :<<<<<<<NEW TEST CASE IS STARTING>>>>>>>
2022-06-23 15:19:02,021 :INFO : test_search :click on travel
2022-06-23 15:19:07,098 :INFO : test_search :for round trip button
2022-06-23 15:19:12,183 :INFO : test_search :clicks on search
2022-06-23 15:19:22,281 :INFO : test_search :changes the flight
2022-06-23 15:19:22,281 :INFO : test_search :<<<<<<<NEW TEST CASE IS STARTING>>>>>>>
2022-06-23 15:19:47,890 :INFO : test_rou :clicks electronics
2022-06-23 15:19:48,529 :INFO : test_rou :mouse hover in electronics
2022-06-23 15:19:51,881 :INFO : test_rou :click on router
2022-06-23 15:19:57,040 :INFO : test_rou :click on product
2022-06-23 15:19:57,046 :INFO : test_rou :tab handle
2022-06-23 15:19:58,612 :INFO : test_rou :buy now
2022-06-23 15:20:00,624 :INFO : test_rou :<<<<<<<NEW TEST CASE IS STARTING>>>>>>>
2022-06-23 15:20:30,481 :INFO : test_bar :for entering the data in search bar
2022-06-23 15:20:30,568 :INFO : test_bar :for search bar
2022-06-23 15:20:31,896 :INFO : test_bar :takes jeans as input
2022-06-23 15:20:31,935 :INFO : test_bar :handles tab
2022-06-23 15:20:33,559 :INFO : test_bar :<<<<<<<NEW TEST CASE IS STARTING>>>>>>>
2022-06-23 15:20:56,158 :INFO : test_skinCare :Women options is Invoked for Skin Care
2022-06-23 15:20:56,791 :INFO : test_skinCare :Hover on option Women
2022-06-23 15:21:02,117 :INFO : test_skinCare :HIMALAYA Purifying Neem is selected
2022-06-23 15:21:02,289 :INFO : test_skinCare :Successfully switched to the child-tab
2022-06-23 15:21:04,084 :INFO : test_skinCare :HIMALAYA Purifying Neem Face Wash  (150 ml) is displayed in detail and verified
2022-06-23 15:21:04,085 :INFO : test_skinCare :<<<<<<<NEW TEST CASE IS STARTING>>>>>>>
2022-06-23 15:21:19,413 :INFO : test_you :click on electronics icon
2022-06-23 15:21:24,723 :INFO : test_you :mouse hover in electronics
2022-06-23 15:21:25,055 :INFO : test_you :clicks on smart watch
2022-06-23 15:21:30,172 :INFO : test_you :clicks on apple watch
2022-06-23 15:21:30,184 :INFO : test_you :handles tab
2022-06-23 15:21:32,026 :INFO : test_you :click on buy now
2022-06-23 15:21:35,032 :INFO : test_you :<<<<<<<NEW TEST CASE IS STARTING>>>>>>>
2022-06-23 15:21:47,983 :INFO : test_bar :click
2022-06-23 15:21:47,983 :INFO : test_bar :click
2022-06-23 15:21:49,458 :INFO : test_bar :handles tab
2022-06-23 15:21:49,458 :INFO : test_bar :handles tab
2022-06-23 15:21:50,979 :INFO : test_bar :add wish list
2022-06-23 15:21:50,979 :INFO : test_bar :add wish list
2022-06-23 15:21:56,027 :INFO : test_bar :add remove wish list
2022-06-23 15:21:56,027 :INFO : test_bar :add remove wish list
2022-06-23 15:21:56,028 :INFO : test_bar :<<<<<<<NEW TEST CASE IS STARTING>>>>>>>
2022-06-23 15:21:56,028 :INFO : test_bar :<<<<<<<NEW TEST CASE IS STARTING>>>>>>>
2022-06-23 15:22:17,106 :INFO : test_womenBag :Women options is Invoked for Handbag
2022-06-23 15:22:17,740 :INFO : test_womenBag :Hover on option Women
2022-06-23 15:22:22,618 :INFO : test_womenBag :Women Pink Hand-held is selected
2022-06-23 15:22:22,753 :INFO : test_womenBag :Successfully switched to the child-tab
2022-06-23 15:22:24,383 :INFO : test_womenBag :Women Pink Hand-held Bag is displayed in detail and verified
2022-06-23 15:22:24,383 :INFO : test_womenBag :<<<<<<<NEW TEST CASE IS STARTING>>>>>>>
2022-06-23 15:23:02,114 :INFO : test_topWear :Women options is Invoked for Topwear
2022-06-23 15:23:03,078 :INFO : test_topWear :Hover on option Women
2022-06-23 15:23:08,019 :INFO : test_topWear :Casual Puff Sleeves is selected
2022-06-23 15:23:08,158 :INFO : test_topWear :Successfully switched to the child-tab
2022-06-23 15:23:10,369 :INFO : test_topWear :Casual Puff Sleeves Solid Women Black Top is displayed in detail and verified
2022-06-23 15:23:10,369 :INFO : test_topWear :<<<<<<<NEW TEST CASE IS STARTING>>>>>>>
2022-06-23 19:42:15,229 :INFO : test_NewAddress :Going to Click on Profile
2022-06-23 19:42:19,813 :INFO : test_NewAddress :Manage Address Opened
2022-06-23 19:42:23,016 :INFO : test_NewAddress :Name entered as TESTING SPRINT
2022-06-23 19:42:23,117 :INFO : test_NewAddress :Phone No. entered 9283839290
2022-06-23 19:42:23,217 :INFO : test_NewAddress :Pincode entered as 273003
2022-06-23 19:42:23,351 :INFO : test_NewAddress :Address2 entered
2022-06-23 19:42:23,520 :INFO : test_NewAddress :Address1 entered
2022-06-23 19:42:23,612 :INFO : test_NewAddress :Landmark entered as DPS School
2022-06-23 19:42:23,693 :INFO : test_NewAddress :State selected asUttar Pradesh
2022-06-23 19:42:23,743 :INFO : test_NewAddress :Radio button is selected
2022-06-23 19:42:23,793 :INFO : test_NewAddress :Save button click
2022-06-23 19:42:23,793 :INFO : test_NewAddress :<<<<<<<NEW TEST CASE IS STARTING>>>>>>>
2022-06-23 19:43:02,739 :INFO : test_homeClock :'Home & Furniture options is Invoked for clock
2022-06-23 19:43:03,579 :INFO : test_homeClock :Hover on option Home & Furniture
2022-06-23 19:43:08,975 :INFO : test_homeClock :AJANTA Analog 33 is selected
2022-06-23 19:43:09,083 :INFO : test_homeClock :Successfully switched to the child-tab
2022-06-23 19:43:11,547 :INFO : test_homeClock :AJANTA Analog 33 cm X 33 cm Wall Clock  (Green, With Glass, Standard) is displaying in detail and verified
2022-06-23 19:43:11,548 :INFO : test_homeClock :<<<<<<<NEW TEST CASE IS STARTING>>>>>>>
2022-06-23 19:43:45,166 :INFO : test_homeFurniture :'Home & Furniture options is Invoked for Bean Bag
2022-06-23 19:43:46,307 :INFO : test_homeFurniture :Hover on option Home & Furniture
2022-06-23 19:43:52,182 :INFO : test_homeFurniture :mollismoons XXXL Chair is selected
2022-06-23 19:43:52,335 :INFO : test_homeFurniture :Successfully switched to the child-tab
2022-06-23 19:43:54,759 :INFO : test_homeFurniture :mollismoons XXXL Chair Bean Bag Cover (Without Beans)  (Grey) is displayed in detail and verified
2022-06-23 19:43:54,759 :INFO : test_homeFurniture :<<<<<<<NEW TEST CASE IS STARTING>>>>>>>
2022-06-23 19:44:12,244 :INFO : test_kidsCloth :'Kids options is Invoked for Kids Cloth
2022-06-23 19:44:12,986 :INFO : test_kidsCloth :Hover on option Baby & Kids
2022-06-23 19:44:14,097 :INFO : test_kidsCloth :Girls Maxi/Full Length Festive/Wedding Dress is selected
2022-06-23 19:44:14,208 :INFO : test_kidsCloth :Successfully switched to the child-tab
2022-06-23 19:44:15,627 :INFO : test_kidsCloth :Girls Maxi/Full Length Festive/Wedding Dress  (Red, Sleeveless) is displaying in detail and verified
2022-06-23 19:44:15,627 :INFO : test_kidsCloth :<<<<<<<NEW TEST CASE IS STARTING>>>>>>>
2022-06-23 19:44:30,258 :INFO : test_kidToy :'Kids options is Invoked for Kids Toys
2022-06-23 19:44:30,923 :INFO : test_kidToy :Hover on option Baby & Kids
2022-06-23 19:44:31,853 :INFO : test_kidToy :Miss & Chief is selected
2022-06-23 19:44:32,020 :INFO : test_kidToy :Successfully switched to the child-tab
2022-06-23 19:44:33,883 :INFO : test_kidToy :Miss & Chief 2.6 Ghz 6 Channel Remote Control Quadcopter without Camera for Kids, 14+ Age  (White) is displaying in detail and verified
2022-06-23 19:44:33,883 :INFO : test_kidToy :<<<<<<<NEW TEST CASE IS STARTING>>>>>>>
2022-06-23 19:44:47,267 :INFO : test_NewAddress :Child window switched
2022-06-23 19:44:47,267 :INFO : test_NewAddress :Child window switched
2022-06-23 19:44:47,381 :INFO : test_NewAddress :Logged out successfully
2022-06-23 19:44:47,381 :INFO : test_NewAddress :Logged out successfully
2022-06-23 19:44:48,827 :INFO : test_NewAddress :username Entered
2022-06-23 19:44:48,827 :INFO : test_NewAddress :username Entered
2022-06-23 19:44:48,920 :INFO : test_NewAddress :Password Entered
2022-06-23 19:44:48,920 :INFO : test_NewAddress :Password Entered
2022-06-23 19:44:49,033 :INFO : test_NewAddress :Submitted
2022-06-23 19:44:49,033 :INFO : test_NewAddress :Submitted
2022-06-23 19:44:49,593 :INFO : test_NewAddress :Your username or password is incorrect shown Successfully
2022-06-23 19:44:49,593 :INFO : test_NewAddress :Your username or password is incorrect shown Successfully
2022-06-23 19:45:37,260 :INFO : test_MenAccer :'Moving to options to get MEN option
2022-06-23 19:45:38,194 :INFO : test_MenAccer :Hover on option Men option
2022-06-23 19:46:07,380 :INFO : test_MenFootware :'Moving to options to get MEN option
2022-06-23 19:46:08,106 :INFO : test_MenFootware :Hover on option Men option
2022-06-23 19:46:09,415 :INFO : test_MenFootware :Brown color Patent is selected
2022-06-23 19:46:09,538 :INFO : test_MenFootware :Successfully switched to the child-tab
2022-06-23 19:46:11,560 :INFO : test_MenFootware :Brown color Patent Formal Stylish Party Wear Lace Up Shoe For Men. Lace Up For Men  (Brown) is displaying in detail and verified
2022-06-23 19:46:11,561 :INFO : test_MenFootware :<<<<<<<NEW TEST CASE IS STARTING>>>>>>>
2022-06-23 19:46:24,176 :INFO : test_TestMenGrming :'Moving to options to get MEN option
2022-06-23 19:46:24,797 :INFO : test_TestMenGrming :Hover on option Men option
2022-06-23 19:46:25,837 :INFO : test_TestMenGrming :PATEL NECK APPAREL is selected
2022-06-23 19:46:25,978 :INFO : test_TestMenGrming :Successfully switched to the child-tab
2022-06-23 19:46:27,212 :INFO : test_TestMenGrming :PATEL NECK APPAREL Perfume - 50 ml  (For Men & Women) is displaying in detail and verified
2022-06-23 19:46:27,213 :INFO : test_TestMenGrming :<<<<<<<NEW TEST CASE IS STARTING>>>>>>>
2022-06-23 19:47:05,981 :INFO : test_OrderProduct :Searching iphone 13 pro max in search bar
2022-06-23 19:47:07,749 :INFO : test_OrderProduct :Iphone is selected
2022-06-23 19:47:07,772 :INFO : test_OrderProduct :Successfully switched to the child-tab
2022-06-23 19:47:09,864 :INFO : test_OrderProduct :Click On Buy now
2022-06-23 19:47:11,894 :INFO : test_OrderProduct :Continue for Address
2022-06-23 19:47:11,961 :INFO : test_OrderProduct :Procced to payment
2022-06-23 19:47:11,961 :INFO : test_OrderProduct :Now Product can be ordered successfully
2022-06-23 19:47:11,961 :INFO : test_OrderProduct :<<<<<<<NEW TEST CASE IS STARTING>>>>>>>
2022-07-05 11:21:21,113 :INFO : test_NewAddress :Going to Click on Profile
2022-07-05 11:21:25,596 :INFO : test_NewAddress :Manage Address Opened
2022-07-05 11:21:28,768 :INFO : test_NewAddress :Name entered as TESTING SPRINT
2022-07-05 11:21:28,844 :INFO : test_NewAddress :Phone No. entered 9283839290
2022-07-05 11:21:28,930 :INFO : test_NewAddress :Pincode entered as 273003
2022-07-05 11:21:29,023 :INFO : test_NewAddress :Address2 entered
2022-07-05 11:21:29,186 :INFO : test_NewAddress :Address1 entered
2022-07-05 11:21:29,269 :INFO : test_NewAddress :Landmark entered as DPS School
2022-07-05 11:21:29,329 :INFO : test_NewAddress :State selected asUttar Pradesh
2022-07-05 11:21:29,380 :INFO : test_NewAddress :Radio button is selected
2022-07-05 11:21:29,431 :INFO : test_NewAddress :Save button click
2022-07-05 11:21:29,431 :INFO : test_NewAddress :<<<<<<<NEW TEST CASE IS STARTING>>>>>>>
2022-07-05 11:22:10,345 :INFO : test_OrderProduct :Searching iphone 13 pro max in search bar
2022-07-05 11:22:12,959 :INFO : test_OrderProduct :Iphone is selected
2022-07-05 11:22:12,978 :INFO : test_OrderProduct :Successfully switched to the child-tab
2022-07-05 11:22:14,733 :INFO : test_OrderProduct :Click On Buy now
2022-07-05 11:22:15,980 :INFO : test_OrderProduct :Continue for Address
2022-07-05 11:22:16,118 :INFO : test_OrderProduct :Procced to payment
2022-07-05 11:22:16,119 :INFO : test_OrderProduct :Now Product can be ordered successfully
2022-07-05 11:22:16,119 :INFO : test_OrderProduct :<<<<<<<NEW TEST CASE IS STARTING>>>>>>>
2022-07-05 11:26:37,088 :INFO : test_NewAddress :Going to Click on Profile
2022-07-05 11:26:41,605 :INFO : test_NewAddress :Manage Address Opened
2022-07-05 11:26:44,809 :INFO : test_NewAddress :Name entered as TESTING SPRINT
2022-07-05 11:26:44,888 :INFO : test_NewAddress :Phone No. entered 9283839290
2022-07-05 11:26:44,971 :INFO : test_NewAddress :Pincode entered as 273003
2022-07-05 11:26:45,052 :INFO : test_NewAddress :Address2 entered
2022-07-05 11:26:45,205 :INFO : test_NewAddress :Address1 entered
2022-07-05 11:26:45,305 :INFO : test_NewAddress :Landmark entered as DPS School
2022-07-05 11:26:45,360 :INFO : test_NewAddress :State selected asUttar Pradesh
2022-07-05 11:26:45,406 :INFO : test_NewAddress :Radio button is selected
2022-07-05 11:26:45,458 :INFO : test_NewAddress :Save button click
2022-07-05 11:26:45,458 :INFO : test_NewAddress :<<<<<<<NEW TEST CASE IS STARTING>>>>>>>
2022-07-05 11:27:01,730 :INFO : test_homeClock :'Home & Furniture options is Invoked for clock
2022-07-05 11:27:02,242 :INFO : test_homeClock :Hover on option Home & Furniture
2022-07-05 11:27:07,223 :INFO : test_homeClock :SURYAATC Analog Natural is selected
2022-07-05 11:27:07,400 :INFO : test_homeClock :Successfully switched to the child-tab
2022-07-05 11:27:09,397 :INFO : test_homeClock :SURYAATC Analog Natural Clock is displaying in detail and verified
2022-07-05 11:27:09,397 :INFO : test_homeClock :<<<<<<<NEW TEST CASE IS STARTING>>>>>>>
2022-07-05 11:27:26,449 :INFO : test_homeFurniture :'Home & Furniture options is Invoked for Bean Bag
2022-07-05 11:27:27,033 :INFO : test_homeFurniture :Hover on option Home & Furniture
2022-07-05 11:27:32,715 :INFO : test_homeFurniture :Soft Touch (2KG is selected
2022-07-05 11:27:32,996 :INFO : test_homeFurniture :Successfully switched to the child-tab
2022-07-05 11:27:34,820 :INFO : test_homeFurniture :Soft Touch (2KG Approx) Export Quality Anti Compress Bean Bag Filler  (Standard) is displayed in detail and verified
2022-07-05 11:27:34,820 :INFO : test_homeFurniture :<<<<<<<NEW TEST CASE IS STARTING>>>>>>>
2022-10-08 01:42:21,147 :INFO : test_NewAddress :Going to Click on Profile
2022-10-08 01:42:25,621 :INFO : test_NewAddress :Manage Address Opened
2022-10-08 01:42:28,801 :INFO : test_NewAddress :Name entered as TESTING SPRINT
2022-10-08 01:42:28,883 :INFO : test_NewAddress :Phone No. entered 9283839290
2022-10-08 01:42:28,969 :INFO : test_NewAddress :Pincode entered as 273003
2022-10-08 01:42:29,081 :INFO : test_NewAddress :Address2 entered
2022-10-08 01:42:29,229 :INFO : test_NewAddress :Address1 entered
2022-10-08 01:42:29,313 :INFO : test_NewAddress :Landmark entered as DPS School
2022-10-08 01:42:29,367 :INFO : test_NewAddress :State selected asUttar Pradesh
2022-10-08 01:42:29,438 :INFO : test_NewAddress :Radio button is selected
2022-10-08 01:42:29,486 :INFO : test_NewAddress :Save button click
2022-10-08 01:42:29,486 :INFO : test_NewAddress :<<<<<<<NEW TEST CASE IS STARTING>>>>>>>
2022-10-08 01:52:37,968 :INFO : test_NewAddress :Going to Click on Profile
2022-10-08 01:52:47,391 :INFO : test_NewAddress :Manage Address Opened
2022-10-08 01:52:50,578 :INFO : test_NewAddress :Name entered as TESTING SPRINT
2022-10-08 01:52:50,689 :INFO : test_NewAddress :Phone No. entered 9283839290
2022-10-08 01:52:50,786 :INFO : test_NewAddress :Pincode entered as 273003
2022-10-08 01:52:50,878 :INFO : test_NewAddress :Address2 entered
2022-10-08 01:52:51,025 :INFO : test_NewAddress :Address1 entered
2022-10-08 01:52:51,093 :INFO : test_NewAddress :Landmark entered as DPS School
2022-10-08 01:52:51,122 :INFO : test_NewAddress :State selected asUttar Pradesh
2022-10-08 01:52:51,174 :INFO : test_NewAddress :Radio button is selected
2022-10-08 01:52:51,224 :INFO : test_NewAddress :Save button click
2022-10-08 01:52:51,224 :INFO : test_NewAddress :<<<<<<<NEW TEST CASE IS STARTING>>>>>>>
2022-10-08 01:53:07,800 :INFO : test_homeClock :'Home & Furniture options is Invoked for clock
2022-10-08 01:54:01,120 :INFO : test_NewAddress :Going to Click on Profile
2022-10-08 01:54:05,567 :INFO : test_NewAddress :Manage Address Opened
2022-10-08 01:54:08,717 :INFO : test_NewAddress :Name entered as TESTING SPRINT
2022-10-08 01:54:08,799 :INFO : test_NewAddress :Phone No. entered 9283839290
2022-10-08 01:54:08,888 :INFO : test_NewAddress :Pincode entered as 273003
2022-10-08 01:54:08,976 :INFO : test_NewAddress :Address2 entered
2022-10-08 01:54:09,139 :INFO : test_NewAddress :Address1 entered
2022-10-08 01:54:09,222 :INFO : test_NewAddress :Landmark entered as DPS School
2022-10-08 01:54:09,270 :INFO : test_NewAddress :State selected asUttar Pradesh
2022-10-08 01:54:09,320 :INFO : test_NewAddress :Radio button is selected
2022-10-08 01:54:09,374 :INFO : test_NewAddress :Save button click
2022-10-08 01:54:09,374 :INFO : test_NewAddress :<<<<<<<NEW TEST CASE IS STARTING>>>>>>>
